Autor: Shaina Alexandra Xochitiotzi Rojas
11/13/2023 12:44:05 AM
a =  258 = 258
a =  = 2
a =  8 = 10
a =  10 = 100
a =  100 = 1
i =  1 = 1
For: i
j =  250 = 250
For: j
 250 + 2 % 0 250 + 2 % 0j =  250 = 250
For: j
 250 + 2 % 0 250 + 2 % 0 250 + 2 % 0j =  250 = 250
For: j
 250 + 2 % 0 250 + 2 % 0 250 + 2 % 0 250 + 2 % 0j =  250 = 250
For: j
 250 + 2 % 0 250 + 2 % 0 250 + 2 % 0 250 + 2 % 0 250 + 2 % 0j =  250 = 250
For: j
 250 + 2 % 0 250 + 2 % 0 250 + 2 % 0 250 + 2 % 0 250 + 2 % 0 250 + 2 % 0j =  250 = 250
For: j
 250 + 2 % 0 250 + 2 % 0 250 + 2 % 0 250 + 2 % 0 250 + 2 % 0 250 + 2 % 0 250 + 2 % 0j =  250 = 250
For: j
 250 + 2 % 0 250 + 2 % 0 250 + 2 % 0 250 + 2 % 0 250 + 2 % 0 250 + 2 % 0 250 + 2 % 0 250 + 2 % 0j =  250 = 250
For: j
 250 + 2 % 0 250 + 2 % 0 250 + 2 % 0 250 + 2 % 0 250 + 2 % 0 250 + 2 % 0 250 + 2 % 0 250 + 2 % 0 250 + 2 % 0j =  250 = 250
For: j
 250 + 2 % 0 250 + 2 % 0 250 + 2 % 0 250 + 2 % 0 250 + 2 % 0 250 + 2 % 0 250 + 2 % 0 250 + 2 % 0 250 + 2 % 0 250 + 2 % 0j =  250 = 250
For: j
 250 + 2 % 0 250 + 2 % 0 250 + 2 % 0 250 + 2 % 0 250 + 2 % 0 250 + 2 % 0 250 + 2 % 0 250 + 2 % 0 250 + 2 % 0 250 + 2 % 0 250 + 2 % 0j =  250 = 250
For: j
 250 + 2 % 0 250 + 2 % 0 250 + 2 % 0 250 + 2 % 0 250 + 2 % 0 250 + 2 % 0 250 + 2 % 0 250 + 2 % 0 250 + 2 % 0 250 + 2 % 0 250 + 2 % 0 250 + 2 % 0j =  250 = 250
For: j
 250 + 2 % 0 250 + 2 % 0 250 + 2 % 0 250 + 2 % 0 250 + 2 % 0 250 + 2 % 0 250 + 2 % 0 250 + 2 % 0 250 + 2 % 0 250 + 2 % 0 250 + 2 % 0 250 + 2 % 0 250 + 2 % 0j =  250 = 250
For: j
 250 + 2 % 0i =  1 = 1
While: while
j =  250 = 250
While: while
 250 + 2 % 0j =  = 251
 250 + 2 % 0j =  = 252
i =  = 2
j =  250 = 250
While: while
 250 + 2 % 0j =  = 251
 250 + 2 % 0j =  = 252
 250 + 2 % 0j =  = 253
i =  = 3
j =  250 = 250
While: while
 250 + 2 % 0j =  = 251
 250 + 2 % 0j =  = 252
 250 + 2 % 0j =  = 253
 250 + 2 % 0j =  = 254
i =  = 4
j =  250 = 250
While: while
 250 + 2 % 0j =  = 251
 250 + 2 % 0j =  = 252
 250 + 2 % 0j =  = 253
 250 + 2 % 0j =  = 254
 250 + 2 % 0j =  = 255
i =  = 5
j =  250 = 250
While: while
 250 + 2 % 0j =  = 251
 250 + 2 % 0j =  = 252
 250 + 2 % 0j =  = 253
 250 + 2 % 0j =  = 254
 250 + 2 % 0j =  = 255
 250 + 2 % 0j =  = 256
i =  = 6
j =  250 = 250
While: while
 250 + 2 % 0j =  = 251
 250 + 2 % 0j =  = 252
 250 + 2 % 0j =  = 253
 250 + 2 % 0j =  = 254
 250 + 2 % 0j =  = 255
 250 + 2 % 0j =  = 256
 250 + 2 % 0j =  = 257
i =  = 7
j =  250 = 250
While: while
 250 + 2 % 0j =  = 251
 250 + 2 % 0j =  = 252
 250 + 2 % 0j =  = 253
 250 + 2 % 0j =  = 254
 250 + 2 % 0j =  = 255
 250 + 2 % 0j =  = 256
 250 + 2 % 0j =  = 257
 250 + 2 % 0j =  = 258
i =  = 8
j =  250 = 250
While: while
 250 + 2 % 0j =  = 251
 250 + 2 % 0j =  = 252
 250 + 2 % 0j =  = 253
 250 + 2 % 0j =  = 254
 250 + 2 % 0j =  = 255
 250 + 2 % 0j =  = 256
 250 + 2 % 0j =  = 257
 250 + 2 % 0j =  = 258
 250 + 2 % 0j =  = 259
i =  = 9
j =  250 = 250
While: while
 250 + 2 % 0j =  = 251
 250 + 2 % 0j =  = 252
 250 + 2 % 0j =  = 253
 250 + 2 % 0j =  = 254
 250 + 2 % 0j =  = 255
 250 + 2 % 0j =  = 256
 250 + 2 % 0j =  = 257
 250 + 2 % 0j =  = 258
 250 + 2 % 0j =  = 259
 250 + 2 % 0j =  = 260
i =  = 10
j =  250 = 250
While: while
 250 + 2 % 0j =  = 251
 250 + 2 % 0j =  = 252
 250 + 2 % 0j =  = 253
 250 + 2 % 0j =  = 254
 250 + 2 % 0j =  = 255
 250 + 2 % 0j =  = 256
 250 + 2 % 0j =  = 257
 250 + 2 % 0j =  = 258
 250 + 2 % 0j =  = 259
 250 + 2 % 0j =  = 260
 250 + 2 % 0j =  = 261
i =  = 11
j =  250 = 250
While: while
 250 + 2 % 0j =  = 251
 250 + 2 % 0j =  = 252
 250 + 2 % 0j =  = 253
 250 + 2 % 0j =  = 254
 250 + 2 % 0j =  = 255
 250 + 2 % 0j =  = 256
 250 + 2 % 0j =  = 257
 250 + 2 % 0j =  = 258
 250 + 2 % 0j =  = 259
 250 + 2 % 0j =  = 260
 250 + 2 % 0j =  = 261
 250 + 2 % 0j =  = 262
i =  = 12
j =  250 = 250
While: while
 250 + 2 % 0j =  = 251
 250 + 2 % 0j =  = 252
 250 + 2 % 0j =  = 253
 250 + 2 % 0j =  = 254
 250 + 2 % 0j =  = 255
 250 + 2 % 0j =  = 256
 250 + 2 % 0j =  = 257
 250 + 2 % 0j =  = 258
 250 + 2 % 0j =  = 259
 250 + 2 % 0j =  = 260
 250 + 2 % 0j =  = 261
 250 + 2 % 0j =  = 262
 250 + 2 % 0j =  = 263
i =  = 13
j =  250 = 250
While: while
 250 + 2 % 0j =  = 263
i =  = 14
i =  1 = 1
Do: 
j =  250 = 250
Do: 
 2 % 0j =  = 251
 250 +i =  = 2
j =  250 = 250
Do: 
 2 % 0j =  = 251
 250 + 2 % 0j =  = 252
 250 +i =  = 3
j =  250 = 250
Do: 
 2 % 0j =  = 251
 250 + 2 % 0j =  = 252
 250 + 2 % 0j =  = 253
 250 +i =  = 4
j =  250 = 250
Do: 
 2 % 0j =  = 251
 250 + 2 % 0j =  = 252
 250 + 2 % 0j =  = 253
 250 + 2 % 0j =  = 254
 250 +i =  = 5
j =  250 = 250
Do: 
 2 % 0j =  = 251
 250 + 2 % 0j =  = 252
 250 + 2 % 0j =  = 253
 250 + 2 % 0j =  = 254
 250 + 2 % 0j =  = 255
 250 +i =  = 6
j =  250 = 250
Do: 
 2 % 0j =  = 251
 250 + 2 % 0j =  = 252
 250 + 2 % 0j =  = 253
 250 + 2 % 0j =  = 254
 250 + 2 % 0j =  = 255
 250 + 2 % 0j =  = 256
 250 +i =  = 7
j =  250 = 250
Do: 
 2 % 0j =  = 251
 250 + 2 % 0j =  = 252
 250 + 2 % 0j =  = 253
 250 + 2 % 0j =  = 254
 250 + 2 % 0j =  = 255
 250 + 2 % 0j =  = 256
 250 + 2 % 0j =  = 257
 250 +i =  = 8
j =  250 = 250
Do: 
 2 % 0j =  = 251
 250 + 2 % 0j =  = 252
 250 + 2 % 0j =  = 253
 250 + 2 % 0j =  = 254
 250 + 2 % 0j =  = 255
 250 + 2 % 0j =  = 256
 250 + 2 % 0j =  = 257
 250 + 2 % 0j =  = 258
 250 +i =  = 9
j =  250 = 250
Do: 
 2 % 0j =  = 251
 250 + 2 % 0j =  = 252
 250 + 2 % 0j =  = 253
 250 + 2 % 0j =  = 254
 250 + 2 % 0j =  = 255
 250 + 2 % 0j =  = 256
 250 + 2 % 0j =  = 257
 250 + 2 % 0j =  = 258
 250 + 2 % 0j =  = 259
 250 +i =  = 10
j =  250 = 250
Do: 
 2 % 0j =  = 251
 250 + 2 % 0j =  = 252
 250 + 2 % 0j =  = 253
 250 + 2 % 0j =  = 254
 250 + 2 % 0j =  = 255
 250 + 2 % 0j =  = 256
 250 + 2 % 0j =  = 257
 250 + 2 % 0j =  = 258
 250 + 2 % 0j =  = 259
 250 + 2 % 0j =  = 260
 250 +i =  = 11
j =  250 = 250
Do: 
 2 % 0j =  = 251
 250 + 2 % 0j =  = 252
 250 + 2 % 0j =  = 253
 250 + 2 % 0j =  = 254
 250 + 2 % 0j =  = 255
 250 + 2 % 0j =  = 256
 250 + 2 % 0j =  = 257
 250 + 2 % 0j =  = 258
 250 + 2 % 0j =  = 259
 250 + 2 % 0j =  = 260
 250 + 2 % 0j =  = 261
 250 +i =  = 12
j =  250 = 250
Do: 
 2 % 0j =  = 251
 250 + 2 % 0j =  = 252
 250 + 2 % 0j =  = 253
 250 + 2 % 0j =  = 254
 250 + 2 % 0j =  = 255
 250 + 2 % 0j =  = 256
 250 + 2 % 0j =  = 257
 250 + 2 % 0j =  = 258
 250 + 2 % 0j =  = 259
 250 + 2 % 0j =  = 260
 250 + 2 % 0j =  = 261
 250 + 2 % 0j =  = 262
 250 +i =  = 13
-----------------
V a r i a b l e s
-----------------
altura Float = 12
i Float = 13
j Float = 262
k Float = 0
a Int = 1
b Int = 0
-----------------
